Build started 12-Mar-14 11:34:11 AM.
     1>Project "E:\SemesterIII\Thesis\VolVis_build\VolVis.vcxproj" on node 2 (build target(s)).
     1>InitializeBuildStatus:
         Creating "VolVis.dir\Debug\VolVis.unsuccessfulbuild" because "AlwaysCreate" was specified.
       CustomBuild:
         All outputs are up-to-date.
       ClCompile:
         C:\Program Files (x86)\Microsoft Visual Studio 10.0\VC\bin\x86_amd64\CL.exe /c /IE:/Thesis/VTK5.10.1_Build1 /IE:/Thesis/VTK5.10.1_Build1/Common /IE:/Thesis/VTK5.10.1_Build1/Utilities /IE:/Thesis/VTK5.10.1_Build1/VolumeRendering /IE:/Thesis/VTK5.10.1_Build1/Rendering /IE:/Thesis/VTK5.10.1_Build1/Charts /IE:/Thesis/VTK5.10.1_Build1/Chemistry /IE:/Thesis/VTK5.10.1_Build1/Utilities/vtkalglib /IE:/Thesis/VTK5.10.1/Infovis /IE:/Thesis/VTK5.10.1/Geovis /IE:/Thesis/VTK5.10.1/Views /IE:/Thesis/VTK5.10.1/VolumeRendering /IE:/Thesis/VTK5.10.1/Hybrid /IE:/Thesis/VTK5.10.1/Widgets /IE:/Thesis/VTK5.10.1/Rendering /IE:/Thesis/VTK5.10.1/Charts /IE:/Thesis/VTK5.10.1/Chemistry /IE:/Thesis/VTK5.10.1/Rendering/Testing/Cxx /IE:/Thesis/VTK5.10.1/IO /IE:/Thesis/VTK5.10.1/Imaging /IE:/Thesis/VTK5.10.1/Graphics /IE:/Thesis/VTK5.10.1/GenericFiltering /IE:/Thesis/VTK5.10.1/Filtering /IE:/Thesis/VTK5.10.1/Common /IE:/Thesis/VTK5.10.1/Utilities /IE:/Thesis/VTK5.10.1/Common/Testing/Cxx /IE:/Thesis/VTK5.10.1_Build1/Utilities/vtknetcdf /IE:/Thesis/VTK5.10.1/Utilities/vtknetcdf /IE:/Thesis/VTK5.10.1/Utilities/vtknetcdf/include /IE:/Thesis/VTK5.10.1_Build1/Utilities/vtklibproj4 /IE:/Thesis/VTK5.10.1/Utilities/vtklibproj4 /IE:/Thesis/VTK5.10.1_Build1/Utilities/DICOMParser /IE:/Thesis/VTK5.10.1/Utilities/DICOMParser /IE:/Thesis/VTK5.10.1_Build1/Utilities/vtkfreetype/include /IE:/Thesis/VTK5.10.1/Utilities/vtkfreetype/include /IE:/Thesis/VTK5.10.1_Build1/Utilities/LSDyna /IE:/Thesis/VTK5.10.1/Utilities/LSDyna /IE:/Thesis/VTK5.10.1_Build1/Utilities/MaterialLibrary /IE:/Thesis/VTK5.10.1/Utilities/MaterialLibrary /IE:/Thesis/VTK5.10.1_Build1/Utilities/vtkmetaio /IE:/Thesis/VTK5.10.1/Utilities/vtkmetaio /IE:/Thesis/VTK5.10.1_Build1/Utilities/verdict /IE:/Thesis/VTK5.10.1/Utilities/verdict /IE:/Thesis/VTK5.10.1_Build1/Utilities/vtkhdf5 /IE:/Thesis/VTK5.10.1/Utilities/vtkhdf5 /IE:/Thesis/VTK5.10.1_Build1/Utilities/vtkhdf5/src /IE:/Thesis/VTK5.10.1/Utilities/vtkhdf5/src /IE:/Thesis/VTK5.10.1_Build1/Utilities/vtkhdf5/hl/src /IE:/Thesis/VTK5.10.1/Utilities/vtkhdf5/hl/src /IE:/Thesis/VTK5.10.1/Utilities/utf8/source /IE:/Thesis/VTK5.10.1/GUISupport/Qt /IE:/Thesis/VTK5.10.1_Build1/GUISupport/Qt /IE:/Thesis/VTK5.10.1/GUISupport/Qt/Chart /IE:/Thesis/VTK5.10.1_Build1/GUISupport/Qt/Chart /IE:/Thesis/VTK5.10.1/Utilities/vtkalglib /I"C:/Qt/qt-4.8.5-x64-msvc2010/include" /I"C:/Qt/qt-4.8.5-x64-msvc2010/include/QtGui" /I"C:/Qt/qt-4.8.5-x64-msvc2010/include/QtCore" /IE:/SemesterIII/Thesis/VolVis /IE:/SemesterIII/Thesis/VolVis_build /Zi /nologo /W3 /WX- /Od /Ob0 /D WIN32 /D _WINDOWS /D _DEBUG /D QT_DLL /D QT_GUI_LIB /D QT_CORE_LIB /D QT_DEBUG /D "CMAKE_INTDIR=\"Debug\"" /D _MBCS /Gm- /EHsc /RTC1 /MDd /GS /fp:precise /Zc:wchar_t /Zc:forScope /GR /Fo"VolVis.dir\Debug\\" /Fd"E:/SemesterIII/Thesis/VolVis_build/Debug/VolVis.pdb" /Gd /TP /errorReport:prompt ..\VolVis\VolVis.cxx
         VolVis.cxx
     1>..\VolVis\VolVis.cxx(329): warning C4804: '<' : unsafe use of type 'bool' in operation
     1>..\VolVis\VolVis.cxx(687): warning C4390: ';' : empty controlled statement found; is this the intent?
       Link:
         C:\Program Files (x86)\Microsoft Visual Studio 10.0\VC\bin\x86_amd64\link.exe /ERRORREPORT:PROMPT /OUT:"E:\SemesterIII\Thesis\VolVis_build\Debug\VolVis.exe" /INCREMENTAL:NO /NOLOGO kernel32.lib user32.lib gdi32.lib winspool.lib shell32.lib ole32.lib oleaut32.lib uuid.lib comdlg32.lib advapi32.lib E:\Thesis\VTK5.10.1_Build1\bin\Debug\vtkCommon.lib E:\Thesis\VTK5.10.1_Build1\bin\Debug\vtkFiltering.lib E:\Thesis\VTK5.10.1_Build1\bin\Debug\vtkImaging.lib E:\Thesis\VTK5.10.1_Build1\bin\Debug\vtkGraphics.lib E:\Thesis\VTK5.10.1_Build1\bin\Debug\vtkGenericFiltering.lib E:\Thesis\VTK5.10.1_Build1\bin\Debug\vtkIO.lib E:\Thesis\VTK5.10.1_Build1\bin\Debug\vtkRendering.lib E:\Thesis\VTK5.10.1_Build1\bin\Debug\vtkVolumeRendering.lib E:\Thesis\VTK5.10.1_Build1\bin\Debug\vtkHybrid.lib E:\Thesis\VTK5.10.1_Build1\bin\Debug\vtkWidgets.lib E:\Thesis\VTK5.10.1_Build1\bin\Debug\vtkInfovis.lib E:\Thesis\VTK5.10.1_Build1\bin\Debug\vtkGeovis.lib E:\Thesis\VTK5.10.1_Build1\bin\Debug\vtkViews.lib E:\Thesis\VTK5.10.1_Build1\bin\Debug\vtkCharts.lib E:\Thesis\VTK5.10.1_Build1\bin\Debug\QVTK.lib E:\Thesis\VTK5.10.1_Build1\bin\Debug\vtkproj4.lib E:\Thesis\VTK5.10.1_Build1\bin\Debug\vtkViews.lib E:\Thesis\VTK5.10.1_Build1\bin\Debug\vtkInfovis.lib E:\Thesis\VTK5.10.1_Build1\bin\Debug\vtkWidgets.lib E:\Thesis\VTK5.10.1_Build1\bin\Debug\vtkVolumeRendering.lib E:\Thesis\VTK5.10.1_Build1\bin\Debug\vtkHybrid.lib E:\Thesis\VTK5.10.1_Build1\bin\Debug\vtkRendering.lib E:\Thesis\VTK5.10.1_Build1\bin\Debug\vtkImaging.lib E:\Thesis\VTK5.10.1_Build1\bin\Debug\vtkGraphics.lib E:\Thesis\VTK5.10.1_Build1\bin\Debug\vtkverdict.lib E:\Thesis\VTK5.10.1_Build1\bin\Debug\vtkIO.lib E:\Thesis\VTK5.10.1_Build1\bin\Debug\vtkFiltering.lib E:\Thesis\VTK5.10.1_Build1\bin\Debug\vtkCommon.lib E:\Thesis\VTK5.10.1_Build1\bin\Debug\vtkDICOMParser.lib E:\Thesis\VTK5.10.1_Build1\bin\Debug\vtkNetCDF_cxx.lib E:\Thesis\VTK5.10.1_Build1\bin\Debug\LSDyna.lib E:\Thesis\VTK5.10.1_Build1\bin\Debug\vtksys.lib E:\Thesis\VTK5.10.1_Build1\bin\Debug\vtkmetaio.lib comctl32.lib E:\Thesis\VTK5.10.1_Build1\bin\Debug\vtksqlite.lib E:\Thesis\VTK5.10.1_Build1\bin\Debug\vtkpng.lib E:\Thesis\VTK5.10.1_Build1\bin\Debug\vtktiff.lib E:\Thesis\VTK5.10.1_Build1\bin\Debug\vtkjpeg.lib E:\Thesis\VTK5.10.1_Build1\bin\Debug\vtkexpat.lib vfw32.lib E:\Thesis\VTK5.10.1_Build1\bin\Debug\vtkftgl.lib E:\Thesis\VTK5.10.1_Build1\bin\Debug\vtkfreetype.lib E:\Thesis\VTK5.10.1_Build1\bin\Debug\vtkexoIIc.lib E:\Thesis\VTK5.10.1_Build1\bin\Debug\vtkNetCDF.lib E:\Thesis\VTK5.10.1_Build1\bin\Debug\vtkhdf5_hl.lib E:\Thesis\VTK5.10.1_Build1\bin\Debug\vtkhdf5.lib wsock32.lib E:\Thesis\VTK5.10.1_Build1\bin\Debug\vtklibxml2.lib E:\Thesis\VTK5.10.1_Build1\bin\Debug\vtkzlib.lib E:\Thesis\VTK5.10.1_Build1\bin\Debug\vtkalglib.lib "C:\Qt\qt-4.8.5-x64-msvc2010\lib\QtOpenGLd4.lib" glu32.lib "C:\Qt\qt-4.8.5-x64-msvc2010\lib\QtWebKitd4.lib" "C:\Qt\qt-4.8.5-x64-msvc2010\lib\QtXmlPatternsd4.lib" "C:\Qt\qt-4.8.5-x64-msvc2010\lib\QtGuid4.lib" imm32.lib winmm.lib "C:\Qt\qt-4.8.5-x64-msvc2010\lib\QtSqld4.lib" "C:\Qt\qt-4.8.5-x64-msvc2010\lib\QtNetworkd4.lib" "C:\Qt\qt-4.8.5-x64-msvc2010\lib\QtCored4.lib" ws2_32.lib opengl32.lib /MANIFEST /ManifestFile:"VolVis.dir\Debug\VolVis.exe.intermediate.manifest" /MANIFESTUAC:"level='asInvoker' uiAccess='false'" /DEBUG /PDB:"E:/SemesterIII/Thesis/VolVis_build/Debug/VolVis.pdb" /SUBSYSTEM:CONSOLE /TLBID:1 /DYNAMICBASE /NXCOMPAT /IMPLIB:"E:/SemesterIII/Thesis/VolVis_build/Debug/VolVis.lib" /MACHINE:X64 VolVis.dir\Debug\VolVis.obj
         VolVis.dir\Debug\VolVisDriver.obj
         VolVis.dir\Debug\FeatureVector.obj
         VolVis.dir\Debug\moc_FeatureVector.obj
         VolVis.dir\Debug\moc_VolVis.obj  /machine:x64 /debug 
         VolVis.vcxproj -> E:\SemesterIII\Thesis\VolVis_build\Debug\VolVis.exe
       Manifest:
         c:\Program Files (x86)\Microsoft SDKs\Windows\v7.0A\bin\mt.exe /nologo /verbose /outputresource:"E:\SemesterIII\Thesis\VolVis_build\Debug\VolVis.exe;#1" /manifest VolVis.dir\Debug\VolVis.exe.intermediate.manifest
       FinalizeBuildStatus:
         Deleting file "VolVis.dir\Debug\VolVis.unsuccessfulbuild".
         Touching "VolVis.dir\Debug\VolVis.lastbuildstate".
     1>Done Building Project "E:\SemesterIII\Thesis\VolVis_build\VolVis.vcxproj" (build target(s)).

Build succeeded.

Time Elapsed 00:00:17.44
